# JRE version: OpenJDK Runtime Environment (8.0_121-b13) (build 1.8.0_121-b13)
# Java VM: OpenJDK 64-Bit Server VM (25.121-b13 mixed mode linux-amd64 compressed oops)
Heap:
 PSYoungGen      total 75264K, used 27720K [0x000000076ca00000, 0x0000000775d00000, 0x00000007c0000000)
  eden space 64512K, 42% used [0x000000076ca00000,0x000000076e512158,0x0000000770900000)
  from space 10752K, 0% used [0x0000000771380000,0x0000000771380000,0x0000000771e00000)
  to   space 10752K, 0% used [0x0000000770900000,0x0000000770900000,0x0000000771380000)
 ParOldGen       total 100864K, used 5989K [0x00000006c5e00000, 0x00000006cc080000, 0x000000076ca00000)
  object space 100864K, 5% used [0x00000006c5e00000,0x00000006c63d9718,0x00000006cc080000)
 Metaspace       used 27147K, capacity 27735K, committed 27904K, reserved 1075200K
  class space    used 2921K, capacity 3065K, committed 3072K, reserved 1048576K
GC Heap History (6 events):
Event: 1.024 GC heap before
{Heap before GC invocations=1 (full 0):
 PSYoungGen      total 75264K, used 64512K [0x000000076ca00000, 0x0000000771e00000, 0x00000007c0000000)
  eden space 64512K, 100% used [0x000000076ca00000,0x0000000770900000,0x0000000770900000)
  from space 10752K, 0% used [0x0000000771380000,0x0000000771380000,0x0000000771e00000)
  to   space 10752K, 0% used [0x0000000770900000,0x0000000770900000,0x0000000771380000)
 ParOldGen       total 172032K, used 0K [0x00000006c5e00000, 0x00000006d0600000, 0x000000076ca00000)
  object space 172032K, 0% used [0x00000006c5e00000,0x00000006c5e00000,0x00000006d0600000)
 Metaspace       used 19147K, capacity 19480K, committed 19840K, reserved 1067008K
  class space    used 2217K, capacity 2313K, committed 2432K, reserved 1048576K
Event: 1.032 GC heap after
Heap after GC invocations=1 (full 0):
 PSYoungGen      total 75264K, used 9930K [0x000000076ca00000, 0x0000000771e00000, 0x00000007c0000000)
  eden space 64512K, 0% used [0x000000076ca00000,0x000000076ca00000,0x0000000770900000)
  from space 10752K, 92% used [0x0000000770900000,0x00000007712b28f8,0x0000000771380000)
  to   space 10752K, 0% used [0x0000000771380000,0x0000000771380000,0x0000000771e00000)
 ParOldGen       total 172032K, used 80K [0x00000006c5e00000, 0x00000006d0600000, 0x000000076ca00000)
  object space 172032K, 0% used [0x00000006c5e00000,0x00000006c5e14010,0x00000006d0600000)
 Metaspace       used 19147K, capacity 19480K, committed 19840K, reserved 1067008K
  class space    used 2217K, capacity 2313K, committed 2432K, reserved 1048576K
}
Event: 1.253 GC heap before
{Heap before GC invocations=2 (full 0):
 PSYoungGen      total 75264K, used 17228K [0x000000076ca00000, 0x0000000771e00000, 0x00000007c0000000)
  eden space 64512K, 11% used [0x000000076ca00000,0x000000076d120970,0x0000000770900000)
  from space 10752K, 92% used [0x0000000770900000,0x00000007712b28f8,0x0000000771380000)
  to   space 10752K, 0% used [0x0000000771380000,0x0000000771380000,0x0000000771e00000)
 ParOldGen       total 172032K, used 80K [0x00000006c5e00000, 0x00000006d0600000, 0x000000076ca00000)
  object space 172032K, 0% used [0x00000006c5e00000,0x00000006c5e14010,0x00000006d0600000)
 Metaspace       used 20809K, capacity 21121K, committed 21296K, reserved 1069056K
  class space    used 2268K, capacity 2377K, committed 2432K, reserved 1048576K
Event: 1.261 GC heap after
Heap after GC invocations=2 (full 0):
 PSYoungGen      total 75264K, used 6117K [0x000000076ca00000, 0x0000000775d00000, 0x00000007c0000000)
  eden space 64512K, 0% used [0x000000076ca00000,0x000000076ca00000,0x0000000770900000)
  from space 10752K, 56% used [0x0000000771380000,0x0000000771979508,0x0000000771e00000)
  to   space 10752K, 0% used [0x0000000770900000,0x0000000770900000,0x0000000771380000)
 ParOldGen       total 172032K, used 88K [0x00000006c5e00000, 0x00000006d0600000, 0x000000076ca00000)
  object space 172032K, 0% used [0x00000006c5e00000,0x00000006c5e16010,0x00000006d0600000)
 Metaspace       used 20809K, capacity 21121K, committed 21296K, reserved 1069056K
  class space    used 2268K, capacity 2377K, committed 2432K, reserved 1048576K
}
Event: 1.261 GC heap before
{Heap before GC invocations=3 (full 1):
 PSYoungGen      total 75264K, used 6117K [0x000000076ca00000, 0x0000000775d00000, 0x00000007c0000000)
  eden space 64512K, 0% used [0x000000076ca00000,0x000000076ca00000,0x0000000770900000)
  from space 10752K, 56% used [0x0000000771380000,0x0000000771979508,0x0000000771e00000)
  to   space 10752K, 0% used [0x0000000770900000,0x0000000770900000,0x0000000771380000)
 ParOldGen       total 172032K, used 88K [0x00000006c5e00000, 0x00000006d0600000, 0x000000076ca00000)
  object space 172032K, 0% used [0x00000006c5e00000,0x00000006c5e16010,0x00000006d0600000)
 Metaspace       used 20809K, capacity 21121K, committed 21296K, reserved 1069056K
  class space    used 2268K, capacity 2377K, committed 2432K, reserved 1048576K
Event: 1.285 GC heap after
Heap after GC invocations=3 (full 1):
 PSYoungGen      total 75264K, used 0K [0x000000076ca00000, 0x0000000775d00000, 0x00000007c0000000)
  eden space 64512K, 0% used [0x000000076ca00000,0x000000076ca00000,0x0000000770900000)
  from space 10752K, 0% used [0x0000000771380000,0x0000000771380000,0x0000000771e00000)
  to   space 10752K, 0% used [0x0000000770900000,0x0000000770900000,0x0000000771380000)
 ParOldGen       total 100864K, used 5989K [0x00000006c5e00000, 0x00000006cc080000, 0x000000076ca00000)
  object space 100864K, 5% used [0x00000006c5e00000,0x00000006c63d9718,0x00000006cc080000)
 Metaspace       used 20809K, capacity 21121K, committed 21296K, reserved 1069056K
  class space    used 2268K, capacity 2377K, committed 2432K, reserved 1048576K
}

